2024-09-23 20:45:02,363 [INFO] Activator:176 - 


2024-09-23 20:45:02,365 [INFO] Activator:177 - !SESSION log4j initialized
2024-09-23 20:45:03,794 [ERROR] LogOutputStream:75 - [STDERR_REDIRECT] 
2024-09-23 20:45:05,918 [INFO] LogOutputStream:77 - [STDOUT_REDIRECT] 
2024-09-23 20:45:09,083 [INFO] ApplicationProperties:184 - Using Application install path: /Applications/STM32CubeIDE.app/Contents/Eclipse/plugins/com.st.stm32cube.common.mx_6.12.0.202406281431
2024-09-23 20:45:09,109 [INFO] DbMcusXml:78 - Set database path to: /Applications/STM32CubeIDE.app/Contents/Eclipse/plugins/com.st.stm32cube.common.mx_6.12.0.202406281431//db//mcu/
2024-09-23 20:45:09,109 [INFO] ApiDb:274 - Set plugin database path to: /Applications/STM32CubeIDE.app/Contents/Eclipse/plugins/com.st.stm32cube.common.mx_6.12.0.202406281431//db//plugins/boardmanager/
2024-09-23 20:45:09,110 [WARN] ApiDb:259 - Overriding images path with different value:  => /Applications/STM32CubeIDE.app/Contents/Eclipse/plugins/com.st.stm32cube.common.mx_6.12.0.202406281431//db//plugins/mcufinder/images/
2024-09-23 20:45:09,121 [INFO] ApiDb:250 - Set database path to: /Users/rongweizhang/.stmcufinder/plugins/mcufinder//mcu/
2024-09-23 20:45:09,122 [INFO] DbMcusAds:125 - Set database path to: /Users/rongweizhang/.stmcufinder/plugins/mcufinder//mcu/
2024-09-23 20:45:09,125 [INFO] CrossReferenceDbSqlite:203 - Set database path to: /Users/rongweizhang/.stmcufinder/plugins/mcufinder//mcu/cs/
2024-09-23 20:45:09,237 [ERROR] LogOutputStream:75 - [STDERR_REDIRECT] [Fatal Error] :2:10: DOCTYPE is disallowed when the feature "http://apache.org/xml/features/disallow-doctype-decl" set to true.
2024-09-23 20:45:09,242 [ERROR] LogOutputStream:75 - [STDERR_REDIRECT] 
2024-09-23 20:45:09,370 [INFO] RulesReader:64 - Compatibility file has been processed (297 Rules)
2024-09-23 20:45:09,456 [INFO] DbMcusXml:78 - Set database path to: /Applications/STM32CubeIDE.app/Contents/Eclipse/plugins/com.st.stm32cube.common.mx_6.12.0.202406281431//db//mcu/
2024-09-23 20:45:09,457 [INFO] ApiDb:274 - Set plugin database path to: /Applications/STM32CubeIDE.app/Contents/Eclipse/plugins/com.st.stm32cube.common.mx_6.12.0.202406281431//db//plugins/boardmanager/
2024-09-23 20:45:09,457 [INFO] ApiDb:261 - Set plugin images path to: /Applications/STM32CubeIDE.app/Contents/Eclipse/plugins/com.st.stm32cube.common.mx_6.12.0.202406281431//db//plugins/mcufinder/images/
2024-09-23 20:45:09,457 [WARN] DbFile:41 - Overriding database path with different value: /Users/rongweizhang/.stmcufinder/plugins/mcufinder/ => /Users/rongweizhang/.stmcufinder/plugins/mcufinder
2024-09-23 20:45:09,458 [INFO] ApiDb:250 - Set database path to: /Users/rongweizhang/.stmcufinder/plugins/mcufinder//mcu/
2024-09-23 20:45:09,458 [WARN] DbFile:41 - Overriding database path with different value: /Users/rongweizhang/.stmcufinder/plugins/mcufinder/ => /Users/rongweizhang/.stmcufinder/plugins/mcufinder
2024-09-23 20:45:09,458 [INFO] DbMcusAds:125 - Set database path to: /Users/rongweizhang/.stmcufinder/plugins/mcufinder//mcu/
2024-09-23 20:45:09,458 [WARN] DbFile:41 - Overriding database path with different value: /Users/rongweizhang/.stmcufinder/plugins/mcufinder/ => /Users/rongweizhang/.stmcufinder/plugins/mcufinder
2024-09-23 20:45:09,458 [WARN] DbFile:41 - Overriding database path with different value: /Users/rongweizhang/.stmcufinder/plugins/mcufinder/ => /Users/rongweizhang/.stmcufinder/plugins/mcufinder
2024-09-23 20:45:09,458 [INFO] CrossReferenceDbSqlite:203 - Set database path to: /Users/rongweizhang/.stmcufinder/plugins/mcufinder//mcu/cs/
2024-09-23 20:45:09,563 [INFO] MainPanel:268 - HeapMemory: 274726912
2024-09-23 20:45:10,095 [INFO] DbMcusXml:78 - Set database path to: /Applications/STM32CubeIDE.app/Contents/Eclipse/plugins/com.st.stm32cube.common.mx_6.12.0.202406281431//db//mcu/
2024-09-23 20:45:10,095 [INFO] ApiDb:274 - Set plugin database path to: /Applications/STM32CubeIDE.app/Contents/Eclipse/plugins/com.st.stm32cube.common.mx_6.12.0.202406281431//db//plugins/boardmanager/
2024-09-23 20:45:10,095 [INFO] ApiDb:261 - Set plugin images path to: /Applications/STM32CubeIDE.app/Contents/Eclipse/plugins/com.st.stm32cube.common.mx_6.12.0.202406281431//db//plugins/mcufinder/images/
2024-09-23 20:45:10,096 [WARN] DbFile:41 - Overriding database path with different value: /Users/rongweizhang/.stmcufinder/plugins/mcufinder/ => /Users/rongweizhang/.stmcufinder/plugins/mcufinder
2024-09-23 20:45:10,096 [INFO] ApiDb:250 - Set database path to: /Users/rongweizhang/.stmcufinder/plugins/mcufinder//mcu/
2024-09-23 20:45:10,096 [WARN] DbFile:41 - Overriding database path with different value: /Users/rongweizhang/.stmcufinder/plugins/mcufinder/ => /Users/rongweizhang/.stmcufinder/plugins/mcufinder
2024-09-23 20:45:10,096 [INFO] DbMcusAds:125 - Set database path to: /Users/rongweizhang/.stmcufinder/plugins/mcufinder//mcu/
2024-09-23 20:45:10,096 [WARN] DbFile:41 - Overriding database path with different value: /Users/rongweizhang/.stmcufinder/plugins/mcufinder/ => /Users/rongweizhang/.stmcufinder/plugins/mcufinder
2024-09-23 20:45:10,096 [WARN] DbFile:41 - Overriding database path with different value: /Users/rongweizhang/.stmcufinder/plugins/mcufinder/ => /Users/rongweizhang/.stmcufinder/plugins/mcufinder
2024-09-23 20:45:10,096 [INFO] CrossReferenceDbSqlite:203 - Set database path to: /Users/rongweizhang/.stmcufinder/plugins/mcufinder//mcu/cs/
2024-09-23 20:45:10,123 [INFO] ApplicationProperties:184 - Using Application install path: /Applications/STM32CubeIDE.app/Contents/Eclipse/plugins/com.st.stm32cube.common.mx_6.12.0.202406281431
2024-09-23 20:45:10,125 [INFO] PluginManage:196 - Search for loadable plugins [exclusion list=, ]
2024-09-23 20:45:10,127 [INFO] PluginManage:310 - Check plugin analytics
2024-09-23 20:45:10,544 [INFO] AnalyticsPlugin:253 - Accepted Software Licenses: 
2024-09-23 20:45:10,548 [INFO] AnalyticsPlugin:255 - Accepted CMSIS Pack Licenses: 
2024-09-23 20:45:10,548 [INFO] AnalyticsPlugin:257 - Accepted Firmware Licenses: FW.L4.1.18.0
2024-09-23 20:45:10,568 [INFO] PluginManage:359 - Loaded plugin analytics (category:tool,tabindex:-1)
2024-09-23 20:45:10,570 [INFO] PluginManage:310 - Check plugin cadmodel
2024-09-23 20:45:10,589 [INFO] CADModel:105 - Init CAD model plugin
2024-09-23 20:45:10,589 [INFO] PluginManage:359 - Loaded plugin cadmodel (category:power,tabindex:5)
2024-09-23 20:45:10,591 [INFO] PluginManage:310 - Check plugin clock
2024-09-23 20:45:10,602 [INFO] PluginManage:359 - Loaded plugin clock (category:base,tabindex:2)
2024-09-23 20:45:10,603 [INFO] PluginManage:310 - Check plugin ddr
2024-09-23 20:45:10,604 [INFO] PluginManage:359 - Loaded plugin ddr (category:tool,tabindex:6)
2024-09-23 20:45:10,605 [INFO] PluginManage:310 - Check plugin filemanager
2024-09-23 20:45:10,775 [INFO] PluginManage:359 - Loaded plugin filemanager (category:base,tabindex:10)
2024-09-23 20:45:10,776 [INFO] PluginManage:310 - Check plugin ipmanager
2024-09-23 20:45:10,783 [INFO] PluginManage:359 - Loaded plugin ipmanager (category:base,tabindex:5)
2024-09-23 20:45:10,784 [INFO] PluginManage:310 - Check plugin lpbam
2024-09-23 20:45:10,793 [INFO] PluginManage:359 - Loaded plugin lpbam (category:base,tabindex:0)
2024-09-23 20:45:10,793 [INFO] PluginManage:310 - Check plugin memorymap
2024-09-23 20:45:10,803 [INFO] PluginManage:359 - Loaded plugin memorymap (category:base,tabindex:4)
2024-09-23 20:45:10,803 [INFO] PluginManage:310 - Check plugin pinoutandconfiguration
2024-09-23 20:45:10,810 [INFO] PluginManage:359 - Loaded plugin pinoutandconfiguration (category:base,tabindex:1)
2024-09-23 20:45:10,810 [INFO] PluginManage:310 - Check plugin pinoutconfig
2024-09-23 20:45:10,996 [WARN] SupportedApi:132 - Cannot load RTOS API schema: s4s-elt-must-match.1: The content of 'definitions' must match (annotation?, (simpleType | complexType)?, (unique | key | keyref)*)). A problem was found starting at: attribute.
2024-09-23 20:45:11,277 [INFO] PluginManage:359 - Loaded plugin pinoutconfig (category:base,tabindex:0)
2024-09-23 20:45:11,279 [INFO] PluginManage:310 - Check plugin power
2024-09-23 20:45:11,299 [INFO] PluginManage:359 - Loaded plugin power (category:power,tabindex:4)
2024-09-23 20:45:11,300 [INFO] PluginManage:310 - Check plugin projectmanager
2024-09-23 20:45:11,348 [INFO] PluginManage:359 - Loaded plugin projectmanager (category:projectmanager,tabindex:4)
2024-09-23 20:45:11,348 [INFO] PluginManage:310 - Check plugin rif
2024-09-23 20:45:11,353 [INFO] PluginManage:359 - Loaded plugin rif (category:base,tabindex:3)
2024-09-23 20:45:11,354 [INFO] PluginManage:310 - Check plugin thirdparty
2024-09-23 20:45:11,543 [INFO] PluginManage:359 - Loaded plugin thirdparty (category:base,tabindex:-1)
2024-09-23 20:45:11,544 [INFO] PluginManage:310 - Check plugin tools
2024-09-23 20:45:11,543 [WARN] IntegrityCheckThread:84 - waiting for thirdparty lock release [integrity check]
2024-09-23 20:45:11,545 [INFO] IntegrityCheckThread:86 - entering critical section [integrity check]
2024-09-23 20:45:11,545 [INFO] ThirdPartyUpdaterWithRetryManager:70 - Updater plugin not ready yet. [1/15]
2024-09-23 20:45:11,546 [INFO] PluginManage:359 - Loaded plugin tools (category:base,tabindex:7)
2024-09-23 20:45:11,547 [INFO] PluginManage:310 - Check plugin tutovideos
2024-09-23 20:45:11,736 [INFO] PluginManage:359 - Loaded plugin tutovideos (category:base,tabindex:-1)
2024-09-23 20:45:11,736 [INFO] PluginManage:310 - Check plugin updater
2024-09-23 20:45:11,773 [INFO] PluginManage:359 - Loaded plugin updater (category:base,tabindex:12)
2024-09-23 20:45:11,773 [INFO] PluginManage:310 - Check plugin userauth
2024-09-23 20:45:11,787 [INFO] UserAuth:113 - Init User Auth plugin
2024-09-23 20:45:11,787 [INFO] PluginManage:359 - Loaded plugin userauth (category:base,tabindex:14)
2024-09-23 20:45:11,789 [INFO] PluginManage:283 - PluginManage : Loaded plugins [18]
2024-09-23 20:45:12,119 [INFO] PinOutPanel:1561 - setPackage(No Configuration,No Configuration)
2024-09-23 20:45:12,200 [INFO] CADModel:165 - CPN selected for project level
2024-09-23 20:45:12,200 [INFO] CADModel:114 - Register for checkConnection events
2024-09-23 20:45:12,212 [INFO] IPUIPlugin:80 - create IPUIPlugin
2024-09-23 20:45:12,213 [INFO] PluginManager:220 - loadIPPluginJar : add mdma
2024-09-23 20:45:12,218 [INFO] IPUIPlugin:80 - create IPUIPlugin
2024-09-23 20:45:12,219 [INFO] PluginManager:220 - loadIPPluginJar : add freertos
2024-09-23 20:45:12,222 [INFO] IPUIPlugin:80 - create IPUIPlugin
2024-09-23 20:45:12,223 [INFO] PluginManager:220 - loadIPPluginJar : add gic
2024-09-23 20:45:12,229 [INFO] IPUIPlugin:80 - create IPUIPlugin
2024-09-23 20:45:12,229 [INFO] PluginManager:220 - loadIPPluginJar : add adc
2024-09-23 20:45:12,231 [INFO] IPUIPlugin:80 - create IPUIPlugin
2024-09-23 20:45:12,231 [INFO] PluginManager:220 - loadIPPluginJar : add gtzc
2024-09-23 20:45:12,232 [INFO] IPUIPlugin:80 - create IPUIPlugin
2024-09-23 20:45:12,232 [INFO] PluginManager:220 - loadIPPluginJar : add quadspi
2024-09-23 20:45:12,233 [INFO] IPUIPlugin:80 - create IPUIPlugin
2024-09-23 20:45:12,233 [INFO] PluginManager:220 - loadIPPluginJar : add aes
2024-09-23 20:45:12,234 [INFO] IPUIPlugin:80 - create IPUIPlugin
2024-09-23 20:45:12,235 [INFO] PluginManager:220 - loadIPPluginJar : add pdm2pcm
2024-09-23 20:45:12,236 [INFO] IPUIPlugin:80 - create IPUIPlugin
2024-09-23 20:45:12,236 [INFO] PluginManager:220 - loadIPPluginJar : add hash
2024-09-23 20:45:12,238 [INFO] IPUIPlugin:80 - create IPUIPlugin
2024-09-23 20:45:12,238 [INFO] PluginManager:220 - loadIPPluginJar : add tim
2024-09-23 20:45:12,239 [INFO] IPUIPlugin:80 - create IPUIPlugin
2024-09-23 20:45:12,239 [INFO] PluginManager:220 - loadIPPluginJar : add tsc
2024-09-23 20:45:12,241 [INFO] IPUIPlugin:80 - create IPUIPlugin
2024-09-23 20:45:12,241 [INFO] PluginManager:220 - loadIPPluginJar : add extmemmanager
2024-09-23 20:45:12,242 [INFO] IPUIPlugin:80 - create IPUIPlugin
2024-09-23 20:45:12,242 [INFO] PluginManager:220 - loadIPPluginJar : add ts
2024-09-23 20:45:12,243 [INFO] IPUIPlugin:80 - create IPUIPlugin
2024-09-23 20:45:12,244 [INFO] PluginManager:220 - loadIPPluginJar : add radio
2024-09-23 20:45:12,245 [INFO] IPUIPlugin:80 - create IPUIPlugin
2024-09-23 20:45:12,245 [INFO] PluginManager:220 - loadIPPluginJar : add can
2024-09-23 20:45:12,246 [INFO] IPUIPlugin:80 - create IPUIPlugin
2024-09-23 20:45:12,247 [INFO] PluginManager:220 - loadIPPluginJar : add dma3
2024-09-23 20:45:12,248 [INFO] IPUIPlugin:80 - create IPUIPlugin
2024-09-23 20:45:12,248 [INFO] PluginManager:220 - loadIPPluginJar : add dfsdm
2024-09-23 20:45:12,249 [INFO] IPUIPlugin:80 - create IPUIPlugin
2024-09-23 20:45:12,249 [INFO] PluginManager:220 - loadIPPluginJar : add spi
2024-09-23 20:45:12,251 [INFO] IPUIPlugin:80 - create IPUIPlugin
2024-09-23 20:45:12,251 [INFO] PluginManager:220 - loadIPPluginJar : add gfxmmu
2024-09-23 20:45:12,253 [INFO] IPUIPlugin:80 - create IPUIPlugin
2024-09-23 20:45:12,253 [INFO] PluginManager:220 - loadIPPluginJar : add genericplugin
2024-09-23 20:45:12,254 [INFO] IPUIPlugin:80 - create IPUIPlugin
2024-09-23 20:45:12,255 [INFO] PluginManager:220 - loadIPPluginJar : add cryp
2024-09-23 20:45:12,257 [INFO] IPUIPlugin:80 - create IPUIPlugin
2024-09-23 20:45:12,257 [INFO] PluginManager:220 - loadIPPluginJar : add gpio
2024-09-23 20:45:12,259 [INFO] IPUIPlugin:80 - create IPUIPlugin
2024-09-23 20:45:12,260 [INFO] PluginManager:220 - loadIPPluginJar : add ddr_ctrl_phy
2024-09-23 20:45:12,261 [INFO] IPUIPlugin:80 - create IPUIPlugin
2024-09-23 20:45:12,261 [INFO] PluginManager:220 - loadIPPluginJar : add comp
2024-09-23 20:45:12,263 [INFO] IPUIPlugin:80 - create IPUIPlugin
2024-09-23 20:45:12,263 [INFO] PluginManager:220 - loadIPPluginJar : add tracer_emb
2024-09-23 20:45:12,265 [INFO] IPUIPlugin:80 - create IPUIPlugin
2024-09-23 20:45:12,265 [INFO] PluginManager:220 - loadIPPluginJar : add openamp
2024-09-23 20:45:12,268 [INFO] IPUIPlugin:80 - create IPUIPlugin
2024-09-23 20:45:12,268 [INFO] PluginManager:220 - loadIPPluginJar : add stm32_wpan
2024-09-23 20:45:12,272 [INFO] IPUIPlugin:80 - create IPUIPlugin
2024-09-23 20:45:12,274 [INFO] PluginManager:220 - loadIPPluginJar : add plateformsettings
2024-09-23 20:45:12,277 [INFO] IPUIPlugin:80 - create IPUIPlugin
2024-09-23 20:45:12,277 [INFO] PluginManager:220 - loadIPPluginJar : add ipddr
2024-09-23 20:45:12,278 [INFO] IPUIPlugin:80 - create IPUIPlugin
2024-09-23 20:45:12,278 [INFO] PluginManager:220 - loadIPPluginJar : add usart
2024-09-23 20:45:12,279 [INFO] IPUIPlugin:80 - create IPUIPlugin
2024-09-23 20:45:12,279 [INFO] PluginManager:220 - loadIPPluginJar : add ltdc
2024-09-23 20:45:12,281 [INFO] IPUIPlugin:80 - create IPUIPlugin
2024-09-23 20:45:12,281 [INFO] PluginManager:220 - loadIPPluginJar : add nvic
2024-09-23 20:45:12,282 [INFO] IPUIPlugin:80 - create IPUIPlugin
2024-09-23 20:45:12,282 [INFO] PluginManager:220 - loadIPPluginJar : add fatfs
2024-09-23 20:45:12,288 [INFO] IPUIPlugin:80 - create IPUIPlugin
2024-09-23 20:45:12,288 [INFO] PluginManager:220 - loadIPPluginJar : add linkedlist
2024-09-23 20:45:12,291 [INFO] IPUIPlugin:80 - create IPUIPlugin
2024-09-23 20:45:12,292 [INFO] PluginManager:220 - loadIPPluginJar : add dma
2024-09-23 20:45:12,294 [INFO] IPUIPlugin:80 - create IPUIPlugin
2024-09-23 20:45:12,294 [INFO] PluginManager:220 - loadIPPluginJar : add fmc
2024-09-23 20:45:12,296 [INFO] IPUIPlugin:80 - create IPUIPlugin
2024-09-23 20:45:12,296 [INFO] PluginManager:220 - loadIPPluginJar : add i2s
2024-09-23 20:45:12,298 [INFO] IPUIPlugin:80 - create IPUIPlugin
2024-09-23 20:45:12,299 [INFO] PluginManager:220 - loadIPPluginJar : add ucpd
2024-09-23 20:45:12,300 [INFO] IPUIPlugin:80 - create IPUIPlugin
2024-09-23 20:45:12,300 [INFO] PluginManager:220 - loadIPPluginJar : add lorawan
2024-09-23 20:45:12,302 [INFO] IPUIPlugin:80 - create IPUIPlugin
2024-09-23 20:45:12,302 [INFO] PluginManager:220 - loadIPPluginJar : add opamp
2024-09-23 20:45:12,305 [INFO] IPUIPlugin:80 - create IPUIPlugin
2024-09-23 20:45:12,305 [INFO] PluginManager:220 - loadIPPluginJar : add i3c
2024-09-23 20:45:12,308 [INFO] IPUIPlugin:80 - create IPUIPlugin
2024-09-23 20:45:12,308 [INFO] PluginManager:220 - loadIPPluginJar : add touchsensing
2024-09-23 20:45:12,310 [INFO] IPUIPlugin:80 - create IPUIPlugin
2024-09-23 20:45:12,310 [INFO] PluginManager:220 - loadIPPluginJar : add i2c
2024-09-23 20:45:12,313 [INFO] IPUIPlugin:80 - create IPUIPlugin
2024-09-23 20:45:12,313 [INFO] PluginManager:220 - loadIPPluginJar : add resmgrutility
2024-09-23 20:45:12,315 [INFO] IPUIPlugin:80 - create IPUIPlugin
2024-09-23 20:45:12,315 [INFO] PluginManager:220 - loadIPPluginJar : add sai
2024-09-23 20:45:12,317 [INFO] IPUIPlugin:80 - create IPUIPlugin
2024-09-23 20:45:12,317 [INFO] PluginManager:220 - loadIPPluginJar : add usbx
2024-09-23 20:45:12,452 [INFO] CADModel:165 - CPN selected for project level
2024-09-23 20:45:12,453 [INFO] CADModel:114 - Register for checkConnection events
2024-09-23 20:45:12,453 [FATAL] Updater:334 - Updater called before beeing initialized
2024-09-23 20:45:12,453 [ERROR] CADModel:125 - Updater not yet initialized, retry later 
2024-09-23 20:45:12,698 [INFO] CADModel:165 - CPN selected for project level
2024-09-23 20:45:12,698 [INFO] CADModel:114 - Register for checkConnection events
2024-09-23 20:45:12,698 [FATAL] Updater:334 - Updater called before beeing initialized
2024-09-23 20:45:12,698 [ERROR] CADModel:125 - Updater not yet initialized, retry later 
2024-09-23 20:45:12,701 [FATAL] Updater:334 - Updater called before beeing initialized
2024-09-23 20:45:12,889 [FATAL] Updater:334 - Updater called before beeing initialized
2024-09-23 20:45:12,895 [INFO] DbMcusAds:53 - JSON generation date=Fri Sep 20 09:04:23 EDT 2024 (1726837463113)
2024-09-23 20:45:12,895 [FATAL] Updater:334 - Updater called before beeing initialized
2024-09-23 20:45:12,960 [WARN] DetailPanel:346 - Failed to get advertising image, set to default
2024-09-23 20:45:13,128 [FATAL] Updater:334 - Updater called before beeing initialized
2024-09-23 20:45:13,139 [FATAL] Updater:334 - Updater called before beeing initialized
2024-09-23 20:45:13,139 [FATAL] Updater:334 - Updater called before beeing initialized
2024-09-23 20:45:13,139 [WARN] DetailPanel:346 - Failed to get advertising image, set to default
2024-09-23 20:45:13,149 [FATAL] Updater:334 - Updater called before beeing initialized
2024-09-23 20:45:13,253 [ERROR] Updater:1164 - MainUpdater not yet initialized. External WinMGr cannot be set.
2024-09-23 20:45:13,261 [INFO] Updater:1100 - Updater Version found : 6.12.0
2024-09-23 20:45:13,277 [INFO] ApplicationProperties:184 - Using Application install path: /Applications/STM32CubeIDE.app/Contents/Eclipse/plugins/com.st.stm32cube.common.mx_6.12.0.202406281431
2024-09-23 20:45:13,650 [INFO] MainUpdater:2873 - connection check result : 10
2024-09-23 20:45:13,651 [INFO] MainUpdater:290 - Updater Check For Update Now.
2024-09-23 20:45:13,652 [INFO] MicroXplorer:498 - Change Database Version : DB.6.0.120
2024-09-23 20:45:13,659 [INFO] McuFinderGlobals:63 - Set McuFinder mode to 2 (CubeIDE integrated)
2024-09-23 20:45:13,663 [INFO] UserAuth:417 - Internet connection configuration mode: 1
2024-09-23 20:45:13,676 [INFO] JxBrowserEngine:152 - Initiate JxBrowser Engine with user profile folder
2024-09-23 20:45:14,048 [INFO] CheckServerUpdateThread:120 - End of CheckServer Thread
2024-09-23 20:45:14,755 [WARN] PackLoader:240 - Cannot read IP mode file for STMicroelectronics.FP-SNS-MOTENVWB1.1.4.0
2024-09-23 20:45:14,793 [WARN] PackLoader:240 - Cannot read IP mode file for STMicroelectronics.X-CUBE-SMBUS.2.1.0
2024-09-23 20:45:14,845 [WARN] PackLoader:240 - Cannot read IP mode file for STMicroelectronics.X-CUBE-AZRTOS-F7.1.1.0
2024-09-23 20:45:15,064 [WARN] PackLoader:240 - Cannot read IP mode file for STMicroelectronics.X-CUBE-MEMS1.11.0.0
2024-09-23 20:45:15,372 [WARN] PackLoader:240 - Cannot read IP mode file for STMicroelectronics.FP-SNS-FLIGHT1.5.0.2
2024-09-23 20:45:15,399 [WARN] PackLoader:240 - Cannot read IP mode file for STMicroelectronics.X-CUBE-DISPLAY.3.0.0
2024-09-23 20:45:15,426 [WARN] PackLoader:240 - Cannot read IP mode file for STMicroelectronics.X-CUBE-BLE1.7.0.0
2024-09-23 20:45:15,453 [WARN] PackLoader:240 - Cannot read IP mode file for emotas.I-CUBE-CANOPEN.1.3.0
2024-09-23 20:45:15,494 [WARN] PackLoader:240 - Cannot read IP mode file for STMicroelectronics.X-CUBE-BLEMGR.3.1.0
2024-09-23 20:45:15,515 [WARN] PackLoader:240 - Cannot read IP mode file for STMicroelectronics.FP-SNS-SMARTAG2.1.2.0
2024-09-23 20:45:15,534 [INFO] LogOutputStream:77 - [STDOUT_REDIRECT] 1 : Invalid condition id : UX_CORESTACK_Condition cause : null
2024-09-23 20:45:15,536 [INFO] LogOutputStream:77 - [STDOUT_REDIRECT] 1 : Invalid condition id : UX_CORESTACK_Condition cause : null
2024-09-23 20:45:15,536 [INFO] LogOutputStream:77 - [STDOUT_REDIRECT] 1 : Invalid condition id : UX_CORESTACK_Condition cause : null
2024-09-23 20:45:15,537 [INFO] LogOutputStream:77 - [STDOUT_REDIRECT] 1 : Invalid condition id : UX_CORESTACK_Condition cause : null
2024-09-23 20:45:15,538 [INFO] LogOutputStream:77 - [STDOUT_REDIRECT] 1 : Invalid condition id : UX_CORESTACK_Condition cause : null
2024-09-23 20:45:15,547 [WARN] PackLoader:240 - Cannot read IP mode file for STMicroelectronics.X-CUBE-AZRTOS-WL.2.0.0
2024-09-23 20:45:15,557 [WARN] PackLoader:240 - Cannot read IP mode file for STMicroelectronics.FP-SNS-MOTENV1.5.0.0
2024-09-23 20:45:15,563 [WARN] PackLoader:240 - Cannot read IP mode file for wolfSSL.I-CUBE-wolfMQTT.1.19.0
2024-09-23 20:45:15,575 [WARN] PackLoader:240 - Cannot read IP mode file for WES.I-CUBE-Cesium.1.3.0
2024-09-23 20:45:15,593 [WARN] PackLoader:240 - Cannot read IP mode file for STMicroelectronics.X-CUBE-BLE2.3.3.0
2024-09-23 20:45:15,612 [WARN] PackLoader:240 - Cannot read IP mode file for STMicroelectronics.X-CUBE-TCPP.4.1.0
2024-09-23 20:45:15,641 [WARN] PackLoader:240 - Cannot read IP mode file for STMicroelectronics.X-CUBE-AZRTOS-G0.1.1.0
2024-09-23 20:45:15,656 [WARN] PackLoader:240 - Cannot read IP mode file for STMicroelectronics.X-CUBE-SAFEA1.1.2.2
2024-09-23 20:45:15,687 [WARN] PackLoader:240 - Cannot read IP mode file for STMicroelectronics.X-CUBE-NFC4.3.0.0
2024-09-23 20:45:15,704 [WARN] PackLoader:240 - Cannot read IP mode file for EmbeddedOffice.I-CUBE-FS-RTOS.1.0.1
2024-09-23 20:45:15,706 [ERROR] ConditionMgr:805 - Attr not supported : Dmpu
2024-09-23 20:45:15,708 [ERROR] ConditionMgr:805 - Attr not supported : Dmpu
2024-09-23 20:45:15,709 [ERROR] ConditionMgr:805 - Attr not supported : Dmpu
2024-09-23 20:45:15,709 [ERROR] ConditionMgr:805 - Attr not supported : Dmpu
2024-09-23 20:45:15,709 [ERROR] ConditionMgr:805 - Attr not supported : Dmpu
2024-09-23 20:45:15,709 [ERROR] ConditionMgr:805 - Attr not supported : Dmpu
2024-09-23 20:45:15,709 [ERROR] ConditionMgr:805 - Attr not supported : Dmpu
2024-09-23 20:45:15,709 [ERROR] ConditionMgr:805 - Attr not supported : Dmpu
2024-09-23 20:45:15,709 [ERROR] ConditionMgr:805 - Attr not supported : Dmpu
2024-09-23 20:45:15,709 [ERROR] ConditionMgr:805 - Attr not supported : Dmpu
2024-09-23 20:45:15,709 [ERROR] ConditionMgr:805 - Attr not supported : Dmpu
2024-09-23 20:45:15,709 [ERROR] ConditionMgr:805 - Attr not supported : Dmpu
2024-09-23 20:45:15,709 [ERROR] ConditionMgr:805 - Attr not supported : Dmpu
2024-09-23 20:45:15,709 [ERROR] ConditionMgr:805 - Attr not supported : Dmpu
2024-09-23 20:45:15,710 [ERROR] ConditionMgr:805 - Attr not supported : Dmpu
2024-09-23 20:45:15,710 [ERROR] ConditionMgr:805 - Attr not supported : Dmpu
2024-09-23 20:45:15,710 [ERROR] ConditionMgr:805 - Attr not supported : Dmpu
2024-09-23 20:45:15,711 [ERROR] ConditionMgr:805 - Attr not supported : Dmpu
2024-09-23 20:45:15,711 [ERROR] ConditionMgr:805 - Attr not supported : Dmpu
2024-09-23 20:45:15,711 [ERROR] ConditionMgr:805 - Attr not supported : Dmpu
2024-09-23 20:45:15,711 [ERROR] ConditionMgr:805 - Attr not supported : Dmpu
2024-09-23 20:45:15,711 [ERROR] ConditionMgr:805 - Attr not supported : Dmpu
2024-09-23 20:45:15,711 [ERROR] ConditionMgr:805 - Attr not supported : Dmpu
2024-09-23 20:45:15,711 [ERROR] ConditionMgr:805 - Attr not supported : Dmpu
2024-09-23 20:45:15,711 [ERROR] ConditionMgr:805 - Attr not supported : Dmpu
2024-09-23 20:45:15,711 [ERROR] ConditionMgr:805 - Attr not supported : Dmpu
2024-09-23 20:45:15,711 [ERROR] ConditionMgr:805 - Attr not supported : Dmpu
2024-09-23 20:45:15,711 [ERROR] ConditionMgr:805 - Attr not supported : Dmpu
2024-09-23 20:45:15,711 [ERROR] ConditionMgr:805 - Attr not supported : Dmpu
2024-09-23 20:45:15,711 [ERROR] ConditionMgr:805 - Attr not supported : Dmpu
2024-09-23 20:45:15,712 [ERROR] ConditionMgr:805 - Attr not supported : Dmpu
2024-09-23 20:45:15,712 [ERROR] ConditionMgr:805 - Attr not supported : Dmpu
2024-09-23 20:45:15,713 [ERROR] ConditionMgr:805 - Attr not supported : Dmpu
2024-09-23 20:45:15,713 [ERROR] ConditionMgr:805 - Attr not supported : Dmpu
2024-09-23 20:45:15,713 [ERROR] ConditionMgr:805 - Attr not supported : Dmpu
2024-09-23 20:45:15,713 [ERROR] ConditionMgr:805 - Attr not supported : Dmpu
2024-09-23 20:45:15,714 [ERROR] ConditionMgr:805 - Attr not supported : Dmpu
2024-09-23 20:45:15,717 [ERROR] ConditionMgr:805 - Attr not supported : Dmpu
2024-09-23 20:45:15,719 [ERROR] ConditionMgr:805 - Attr not supported : Dmpu
2024-09-23 20:45:15,719 [ERROR] ConditionMgr:805 - Attr not supported : Dmpu
2024-09-23 20:45:15,719 [ERROR] ConditionMgr:805 - Attr not supported : Dmpu
2024-09-23 20:45:15,719 [ERROR] ConditionMgr:805 - Attr not supported : Dmpu
2024-09-23 20:45:15,719 [ERROR] ConditionMgr:805 - Attr not supported : Dmpu
2024-09-23 20:45:15,719 [ERROR] ConditionMgr:805 - Attr not supported : Dmpu
2024-09-23 20:45:15,719 [ERROR] ConditionMgr:805 - Attr not supported : Dmpu
2024-09-23 20:45:15,719 [ERROR] ConditionMgr:805 - Attr not supported : Dmpu
2024-09-23 20:45:15,719 [ERROR] ConditionMgr:805 - Attr not supported : Dmpu
2024-09-23 20:45:15,719 [ERROR] ConditionMgr:805 - Attr not supported : Dmpu
2024-09-23 20:45:15,719 [ERROR] ConditionMgr:805 - Attr not supported : Dmpu
2024-09-23 20:45:15,719 [ERROR] ConditionMgr:805 - Attr not supported : Dmpu
2024-09-23 20:45:15,719 [ERROR] ConditionMgr:805 - Attr not supported : Dmpu
2024-09-23 20:45:15,719 [ERROR] ConditionMgr:805 - Attr not supported : Dmpu
2024-09-23 20:45:15,719 [ERROR] ConditionMgr:805 - Attr not supported : Dmpu
2024-09-23 20:45:15,719 [ERROR] ConditionMgr:805 - Attr not supported : Dmpu
2024-09-23 20:45:15,719 [ERROR] ConditionMgr:805 - Attr not supported : Dmpu
2024-09-23 20:45:15,719 [ERROR] ConditionMgr:805 - Attr not supported : Dmpu
2024-09-23 20:45:15,719 [ERROR] ConditionMgr:805 - Attr not supported : Dmpu
2024-09-23 20:45:15,720 [ERROR] ConditionMgr:805 - Attr not supported : Dmpu
2024-09-23 20:45:15,720 [ERROR] ConditionMgr:805 - Attr not supported : Dmpu
2024-09-23 20:45:15,720 [ERROR] ConditionMgr:805 - Attr not supported : Dmpu
2024-09-23 20:45:15,720 [ERROR] ConditionMgr:805 - Attr not supported : Dmpu
2024-09-23 20:45:15,720 [ERROR] ConditionMgr:805 - Attr not supported : Dmpu
2024-09-23 20:45:15,720 [ERROR] ConditionMgr:805 - Attr not supported : Dmpu
2024-09-23 20:45:15,720 [ERROR] ConditionMgr:805 - Attr not supported : Dmpu
2024-09-23 20:45:15,727 [WARN] PackLoader:240 - Cannot read IP mode file for RealThread.X-CUBE-RT-Thread_Nano.4.1.1
2024-09-23 20:45:15,731 [WARN] PackLoader:240 - Cannot read IP mode file for STMicroelectronics.FP-ATR-SIGFOX1.3.2.0
2024-09-23 20:45:15,749 [WARN] PackLoader:240 - Cannot read IP mode file for wolfSSL.I-CUBE-wolfSSL.5.7.2
2024-09-23 20:45:15,761 [WARN] PackLoader:240 - Cannot read IP mode file for STMicroelectronics.X-CUBE-EEPRMA1.5.1.0
2024-09-23 20:45:15,769 [WARN] PackLoader:240 - Cannot read IP mode file for ITTIA_DB.I-CUBE-ITTIADB.8.9.0
2024-09-23 20:45:15,849 [WARN] PackLoader:240 - Cannot read IP mode file for SEGGER.I-CUBE-embOS.1.3.1
2024-09-23 20:45:15,938 [WARN] PackLoader:240 - Cannot read IP mode file for STMicroelectronics.X-CUBE-ALGOBUILD.1.4.0
2024-09-23 20:45:15,946 [WARN] PackLoader:240 - Cannot read IP mode file for STMicroelectronics.X-CUBE-GNSS1.6.0.0
2024-09-23 20:45:15,967 [WARN] PackLoader:240 - Cannot read IP mode file for STMicroelectronics.X-CUBE-AZRTOS-F4.1.1.0
2024-09-23 20:45:15,987 [WARN] PackLoader:240 - Cannot read IP mode file for STMicroelectronics.X-CUBE-ISPU.2.1.0
2024-09-23 20:45:16,012 [WARN] PackLoader:240 - Cannot read IP mode file for STMicroelectronics.X-CUBE-FREERTOS.1.2.0
2024-09-23 20:45:16,049 [WARN] PackLoader:240 - Cannot read IP mode file for STMicroelectronics.X-CUBE-AZRTOS-L5.2.0.0
2024-09-23 20:45:16,065 [WARN] PackLoader:240 - Cannot read IP mode file for STMicroelectronics.X-CUBE-NFC6.3.1.0
2024-09-23 20:45:16,075 [WARN] PackLoader:240 - Cannot read IP mode file for STMicroelectronics.X-CUBE-DPower.1.2.0
2024-09-23 20:45:16,079 [WARN] PackLoader:240 - Cannot read IP mode file for STMicroelectronics.X-CUBE-AI.9.0.0
2024-09-23 20:45:16,086 [WARN] PackLoader:240 - Cannot read IP mode file for STMicroelectronics.X-CUBE-NFC7.1.0.1
2024-09-23 20:45:16,109 [WARN] ConditionMgr:438 - getConditionDescription Invalid condition id : LAN8742 Phy interface Condition cause : null
2024-09-23 20:45:16,110 [WARN] PackLoader:240 - Cannot read IP mode file for STMicroelectronics.X-CUBE-AZRTOS-L4.2.0.0
2024-09-23 20:45:16,114 [WARN] ConditionMgr:1039 - genDependencies : Invalid condition id : LAN8742 Phy interface Condition cause : null
2024-09-23 20:45:16,115 [WARN] ConditionMgr:1039 - genDependencies : Invalid condition id : LAN8742 Phy interface Condition cause : null
2024-09-23 20:45:16,116 [WARN] ConditionMgr:1039 - genDependencies : Invalid condition id : LAN8742 Phy interface Condition cause : null
2024-09-23 20:45:16,140 [WARN] PackLoader:240 - Cannot read IP mode file for STMicroelectronics.X-CUBE-SFXS2LP1.4.0.0
2024-09-23 20:45:16,175 [WARN] PackLoader:240 - Cannot read IP mode file for STMicroelectronics.X-CUBE-AZRTOS-H7.3.3.0
2024-09-23 20:45:16,213 [WARN] ConditionMgr:438 - getConditionDescription Invalid condition id : UX DEVICE CLASS RTOS Condition cause : null
2024-09-23 20:45:16,214 [WARN] ConditionMgr:438 - getConditionDescription Invalid condition id : UX DEVICE CLASS RTOS Condition cause : null
2024-09-23 20:45:16,218 [WARN] PackLoader:240 - Cannot read IP mode file for STMicroelectronics.X-CUBE-AZRTOS-WB.2.0.0
2024-09-23 20:45:16,219 [WARN] ConditionMgr:1039 - genDependencies : Invalid condition id : UX DEVICE CLASS RTOS Condition cause : null
2024-09-23 20:45:16,219 [WARN] ConditionMgr:1039 - genDependencies : Invalid condition id : UX DEVICE CLASS RTOS Condition cause : null
2024-09-23 20:45:16,219 [WARN] ConditionMgr:1039 - genDependencies : Invalid condition id : UX DEVICE CLASS RTOS Condition cause : null
2024-09-23 20:45:16,220 [WARN] ConditionMgr:1039 - genDependencies : Invalid condition id : UX DEVICE CLASS RTOS Condition cause : null
2024-09-23 20:45:16,220 [WARN] ConditionMgr:1039 - genDependencies : Invalid condition id : UX DEVICE CLASS RTOS Condition cause : null
2024-09-23 20:45:16,244 [WARN] PackLoader:240 - Cannot read IP mode file for STMicroelectronics.X-CUBE-GNSS1.7.0.0
2024-09-23 20:45:16,310 [WARN] PackLoader:240 - Cannot read IP mode file for STMicroelectronics.FP-SNS-STBOX1.2.0.0
2024-09-23 20:45:16,334 [WARN] PackLoader:240 - Cannot read IP mode file for STMicroelectronics.X-CUBE-SUBG2.5.0.0
2024-09-23 20:45:16,344 [WARN] PackLoader:240 - Cannot read IP mode file for Cesanta.I-CUBE-Mongoose.7.13.0
2024-09-23 20:45:16,365 [WARN] PackLoader:240 - Cannot read IP mode file for STMicroelectronics.X-CUBE-AZRTOS-G4.2.0.0
2024-09-23 20:45:16,373 [WARN] PackLoader:240 - Cannot read IP mode file for STMicroelectronics.X-CUBE-ISPU.2.0.0
2024-09-23 20:45:16,382 [WARN] PackLoader:240 - Cannot read IP mode file for STMicroelectronics.X-CUBE-ALS.1.0.2
2024-09-23 20:45:16,387 [WARN] PackLoader:240 - Cannot read IP mode file for STMicroelectronics.X-CUBE-TOUCHGFX.4.24.0
2024-09-23 20:45:16,391 [WARN] PackLoader:240 - Cannot read IP mode file for STMicroelectronics.X-CUBE-TOUCHGFX.4.24.1
2024-09-23 20:45:16,395 [WARN] PackLoader:240 - Cannot read IP mode file for wolfSSL.I-CUBE-wolfTPM.3.4.0
2024-09-23 20:45:16,401 [WARN] PackLoader:240 - Cannot read IP mode file for portGmbH.I-Cube-SoM-uGOAL.1.1.0
2024-09-23 20:45:16,426 [WARN] PackLoader:240 - Cannot read IP mode file for STMicroelectronics.X-CUBE-AZRTOS-H7RS.1.0.0
2024-09-23 20:45:16,439 [WARN] PackLoader:240 - Cannot read IP mode file for STMicroelectronics.FP-ATR-ASTRA1.2.0.0
2024-09-23 20:45:16,453 [WARN] PackLoader:240 - Cannot read IP mode file for STMicroelectronics.X-CUBE-TOF1.3.4.2
2024-09-23 20:45:16,496 [WARN] PackLoader:240 - Cannot read IP mode file for Infineon.AIROC-Wi-Fi-Bluetooth-STM32.1.6.1
2024-09-23 20:45:16,519 [WARN] PackLoader:240 - Cannot read IP mode file for wolfSSL.I-CUBE-wolfSSH.1.4.17
2024-09-23 20:45:16,520 [INFO] ThirdParty:978 - Integrity check success = true
2024-09-23 20:45:16,520 [INFO] IntegrityCheckThread:100 - exiting critical section [integrity check]
2024-09-23 20:45:16,520 [INFO] IntegrityCheckThread:103 - End integrity checks thread
2024-09-23 20:45:20,200 [INFO] WebApp:167 - Instantiating new browser for Auth
2024-09-23 20:45:22,017 [INFO] WebApp:448 - Apply proxy settings
2024-09-23 20:45:22,051 [INFO] WebApp:493 - Chromium authenticates against Manually configured proxy
2024-09-23 20:45:22,108 [INFO] WebApp:501 - Username used for proxy authentication: 
2024-09-23 20:45:22,188 [INFO] WebApp:869 - Register for checkConnection events
2024-09-23 20:45:22,189 [INFO] WebApp:448 - Apply proxy settings
2024-09-23 20:45:22,193 [INFO] WebApp:493 - Chromium authenticates against Manually configured proxy
2024-09-23 20:45:22,193 [INFO] WebApp:501 - Username used for proxy authentication: 
2024-09-23 20:45:22,490 [INFO] WebApp:220 - Starting web application
2024-09-23 20:45:22,493 [INFO] WebApp:578 - Web application path used /Applications/STM32CubeIDE.app/Contents/Eclipse/plugins/com.st.stm32cube.common.mx_6.12.0.202406281431/db/plugins/mcufinder/reactClient1/index.html
2024-09-23 20:45:23,041 [INFO] UserAuth:417 - Internet connection configuration mode: 1
2024-09-23 20:45:23,309 [INFO] WebApp:186 - Connection restablished
2024-09-23 20:46:24,548 [ERROR] LogOutputStream:75 - [STDERR_REDIRECT] 
