2024-10-05 15:29:24,504 [INFO] Activator:176 - 


2024-10-05 15:29:24,507 [INFO] Activator:177 - !SESSION log4j initialized
2024-10-05 15:29:28,679 [INFO] LogOutputStream:77 - [STDOUT_REDIRECT] 
2024-10-05 15:29:30,204 [INFO] ApplicationProperties:184 - Using Application install path: C:\ST\STM32CubeIDE_1.16.1\STM32CubeIDE\plugins\com.st.stm32cube.common.mx_6.12.1.202409122256
2024-10-05 15:29:30,216 [INFO] DbMcusXml:78 - Set database path to: C:\ST\STM32CubeIDE_1.16.1\STM32CubeIDE\plugins\com.st.stm32cube.common.mx_6.12.1.202409122256\\db\/mcu/
2024-10-05 15:29:30,216 [INFO] ApiDb:274 - Set plugin database path to: C:\ST\STM32CubeIDE_1.16.1\STM32CubeIDE\plugins\com.st.stm32cube.common.mx_6.12.1.202409122256\\db\/plugins/boardmanager/
2024-10-05 15:29:30,217 [WARN] ApiDb:259 - Overriding images path with different value:  => C:\ST\STM32CubeIDE_1.16.1\STM32CubeIDE\plugins\com.st.stm32cube.common.mx_6.12.1.202409122256\\db\/plugins/mcufinder/images/
2024-10-05 15:29:30,222 [INFO] ApiDb:250 - Set database path to: C:\Users\User\.stmcufinder\plugins\mcufinder//mcu/
2024-10-05 15:29:30,223 [INFO] DbMcusAds:125 - Set database path to: C:\Users\User\.stmcufinder\plugins\mcufinder//mcu/
2024-10-05 15:29:30,225 [INFO] CrossReferenceDbSqlite:203 - Set database path to: C:\Users\User\.stmcufinder\plugins\mcufinder//mcu/cs/
2024-10-05 15:29:30,303 [INFO] RulesReader:64 - Compatibility file has been processed (297 Rules)
2024-10-05 15:29:30,382 [INFO] DbMcusXml:78 - Set database path to: C:\ST\STM32CubeIDE_1.16.1\STM32CubeIDE\plugins\com.st.stm32cube.common.mx_6.12.1.202409122256\\db\/mcu/
2024-10-05 15:29:30,382 [INFO] ApiDb:274 - Set plugin database path to: C:\ST\STM32CubeIDE_1.16.1\STM32CubeIDE\plugins\com.st.stm32cube.common.mx_6.12.1.202409122256\\db\/plugins/boardmanager/
2024-10-05 15:29:30,382 [INFO] ApiDb:261 - Set plugin images path to: C:\ST\STM32CubeIDE_1.16.1\STM32CubeIDE\plugins\com.st.stm32cube.common.mx_6.12.1.202409122256\\db\/plugins/mcufinder/images/
2024-10-05 15:29:30,382 [WARN] DbFile:41 - Overriding database path with different value: C:\Users\User\.stmcufinder\plugins\mcufinder/ => C:\Users\User\.stmcufinder\plugins\mcufinder
2024-10-05 15:29:30,382 [INFO] ApiDb:250 - Set database path to: C:\Users\User\.stmcufinder\plugins\mcufinder//mcu/
2024-10-05 15:29:30,382 [WARN] DbFile:41 - Overriding database path with different value: C:\Users\User\.stmcufinder\plugins\mcufinder/ => C:\Users\User\.stmcufinder\plugins\mcufinder
2024-10-05 15:29:30,382 [INFO] DbMcusAds:125 - Set database path to: C:\Users\User\.stmcufinder\plugins\mcufinder//mcu/
2024-10-05 15:29:30,383 [WARN] DbFile:41 - Overriding database path with different value: C:\Users\User\.stmcufinder\plugins\mcufinder/ => C:\Users\User\.stmcufinder\plugins\mcufinder
2024-10-05 15:29:30,383 [WARN] DbFile:41 - Overriding database path with different value: C:\Users\User\.stmcufinder\plugins\mcufinder/ => C:\Users\User\.stmcufinder\plugins\mcufinder
2024-10-05 15:29:30,383 [INFO] CrossReferenceDbSqlite:203 - Set database path to: C:\Users\User\.stmcufinder\plugins\mcufinder//mcu/cs/
2024-10-05 15:29:30,446 [INFO] MainPanel:268 - HeapMemory: 268435456
2024-10-05 15:29:30,528 [INFO] DbMcusXml:78 - Set database path to: C:\ST\STM32CubeIDE_1.16.1\STM32CubeIDE\plugins\com.st.stm32cube.common.mx_6.12.1.202409122256\\db\/mcu/
2024-10-05 15:29:30,529 [INFO] ApiDb:274 - Set plugin database path to: C:\ST\STM32CubeIDE_1.16.1\STM32CubeIDE\plugins\com.st.stm32cube.common.mx_6.12.1.202409122256\\db\/plugins/boardmanager/
2024-10-05 15:29:30,529 [INFO] ApiDb:261 - Set plugin images path to: C:\ST\STM32CubeIDE_1.16.1\STM32CubeIDE\plugins\com.st.stm32cube.common.mx_6.12.1.202409122256\\db\/plugins/mcufinder/images/
2024-10-05 15:29:30,529 [WARN] DbFile:41 - Overriding database path with different value: C:\Users\User\.stmcufinder\plugins\mcufinder/ => C:\Users\User\.stmcufinder\plugins\mcufinder
2024-10-05 15:29:30,529 [INFO] ApiDb:250 - Set database path to: C:\Users\User\.stmcufinder\plugins\mcufinder//mcu/
2024-10-05 15:29:30,529 [WARN] DbFile:41 - Overriding database path with different value: C:\Users\User\.stmcufinder\plugins\mcufinder/ => C:\Users\User\.stmcufinder\plugins\mcufinder
2024-10-05 15:29:30,529 [INFO] DbMcusAds:125 - Set database path to: C:\Users\User\.stmcufinder\plugins\mcufinder//mcu/
2024-10-05 15:29:30,529 [WARN] DbFile:41 - Overriding database path with different value: C:\Users\User\.stmcufinder\plugins\mcufinder/ => C:\Users\User\.stmcufinder\plugins\mcufinder
2024-10-05 15:29:30,529 [WARN] DbFile:41 - Overriding database path with different value: C:\Users\User\.stmcufinder\plugins\mcufinder/ => C:\Users\User\.stmcufinder\plugins\mcufinder
2024-10-05 15:29:30,529 [INFO] CrossReferenceDbSqlite:203 - Set database path to: C:\Users\User\.stmcufinder\plugins\mcufinder//mcu/cs/
2024-10-05 15:29:30,542 [INFO] ApplicationProperties:184 - Using Application install path: C:\ST\STM32CubeIDE_1.16.1\STM32CubeIDE\plugins\com.st.stm32cube.common.mx_6.12.1.202409122256
2024-10-05 15:29:30,543 [INFO] PluginManage:196 - Search for loadable plugins [exclusion list=, ]
2024-10-05 15:29:30,544 [INFO] PluginManage:310 - Check plugin analytics
2024-10-05 15:29:30,692 [INFO] AnalyticsPlugin:253 - Accepted Software Licenses: 
2024-10-05 15:29:30,692 [INFO] AnalyticsPlugin:255 - Accepted CMSIS Pack Licenses: 
2024-10-05 15:29:30,692 [INFO] AnalyticsPlugin:257 - Accepted Firmware Licenses: FW.L4.1.18.0
2024-10-05 15:29:30,695 [INFO] PluginManage:359 - Loaded plugin analytics (category:tool,tabindex:-1)
2024-10-05 15:29:30,695 [INFO] PluginManage:310 - Check plugin cadmodel
2024-10-05 15:29:30,709 [INFO] CADModel:105 - Init CAD model plugin
2024-10-05 15:29:30,709 [INFO] PluginManage:359 - Loaded plugin cadmodel (category:power,tabindex:5)
2024-10-05 15:29:30,709 [INFO] PluginManage:310 - Check plugin clock
2024-10-05 15:29:30,728 [INFO] PluginManage:359 - Loaded plugin clock (category:base,tabindex:2)
2024-10-05 15:29:30,729 [INFO] PluginManage:310 - Check plugin ddr
2024-10-05 15:29:30,730 [INFO] PluginManage:359 - Loaded plugin ddr (category:tool,tabindex:6)
2024-10-05 15:29:30,731 [INFO] PluginManage:310 - Check plugin filemanager
2024-10-05 15:29:30,845 [INFO] PluginManage:359 - Loaded plugin filemanager (category:base,tabindex:10)
2024-10-05 15:29:30,846 [INFO] PluginManage:310 - Check plugin ipmanager
2024-10-05 15:29:30,850 [INFO] PluginManage:359 - Loaded plugin ipmanager (category:base,tabindex:5)
2024-10-05 15:29:30,850 [INFO] PluginManage:310 - Check plugin lpbam
2024-10-05 15:29:30,865 [INFO] PluginManage:359 - Loaded plugin lpbam (category:base,tabindex:0)
2024-10-05 15:29:30,865 [INFO] PluginManage:310 - Check plugin memorymap
2024-10-05 15:29:30,893 [INFO] PluginManage:359 - Loaded plugin memorymap (category:base,tabindex:4)
2024-10-05 15:29:30,893 [INFO] PluginManage:310 - Check plugin pinoutandconfiguration
2024-10-05 15:29:30,908 [INFO] PluginManage:359 - Loaded plugin pinoutandconfiguration (category:base,tabindex:1)
2024-10-05 15:29:30,908 [INFO] PluginManage:310 - Check plugin pinoutconfig
2024-10-05 15:29:30,996 [WARN] SupportedApi:132 - Cannot load RTOS API schema: s4s-elt-must-match.1: The content of 'definitions' must match (annotation?, (simpleType | complexType)?, (unique | key | keyref)*)). A problem was found starting at: attribute.
2024-10-05 15:29:31,111 [INFO] PluginManage:359 - Loaded plugin pinoutconfig (category:base,tabindex:0)
2024-10-05 15:29:31,111 [INFO] PluginManage:310 - Check plugin power
2024-10-05 15:29:31,126 [INFO] PluginManage:359 - Loaded plugin power (category:power,tabindex:4)
2024-10-05 15:29:31,127 [INFO] PluginManage:310 - Check plugin projectmanager
2024-10-05 15:29:31,138 [INFO] PluginManage:359 - Loaded plugin projectmanager (category:projectmanager,tabindex:4)
2024-10-05 15:29:31,138 [INFO] PluginManage:310 - Check plugin rif
2024-10-05 15:29:31,149 [INFO] PluginManage:359 - Loaded plugin rif (category:base,tabindex:3)
2024-10-05 15:29:31,150 [INFO] PluginManage:310 - Check plugin thirdparty
2024-10-05 15:29:31,326 [INFO] PluginManage:359 - Loaded plugin thirdparty (category:base,tabindex:-1)
2024-10-05 15:29:31,326 [WARN] IntegrityCheckThread:84 - waiting for thirdparty lock release [integrity check]
2024-10-05 15:29:31,327 [INFO] PluginManage:310 - Check plugin tools
2024-10-05 15:29:31,327 [INFO] IntegrityCheckThread:86 - entering critical section [integrity check]
2024-10-05 15:29:31,327 [INFO] ThirdPartyUpdaterWithRetryManager:70 - Updater plugin not ready yet. [1/15]
2024-10-05 15:29:31,351 [INFO] PluginManage:359 - Loaded plugin tools (category:base,tabindex:7)
2024-10-05 15:29:31,351 [INFO] PluginManage:310 - Check plugin tutovideos
2024-10-05 15:29:31,487 [INFO] PluginManage:359 - Loaded plugin tutovideos (category:base,tabindex:-1)
2024-10-05 15:29:31,487 [INFO] PluginManage:310 - Check plugin updater
2024-10-05 15:29:31,499 [INFO] PluginManage:359 - Loaded plugin updater (category:base,tabindex:12)
2024-10-05 15:29:31,499 [INFO] PluginManage:310 - Check plugin userauth
2024-10-05 15:29:31,503 [INFO] UserAuth:113 - Init User Auth plugin
2024-10-05 15:29:31,503 [INFO] PluginManage:359 - Loaded plugin userauth (category:base,tabindex:14)
2024-10-05 15:29:31,503 [INFO] PluginManage:283 - PluginManage : Loaded plugins [18]
2024-10-05 15:29:31,642 [INFO] PinOutPanel:1561 - setPackage(No Configuration,No Configuration)
2024-10-05 15:29:31,704 [INFO] CADModel:165 - CPN selected for project level
2024-10-05 15:29:31,704 [INFO] CADModel:114 - Register for checkConnection events
2024-10-05 15:29:31,723 [INFO] IPUIPlugin:80 - create IPUIPlugin
2024-10-05 15:29:31,723 [INFO] PluginManager:220 - loadIPPluginJar : add adc
2024-10-05 15:29:31,751 [INFO] IPUIPlugin:80 - create IPUIPlugin
2024-10-05 15:29:31,751 [INFO] PluginManager:220 - loadIPPluginJar : add aes
2024-10-05 15:29:31,779 [INFO] IPUIPlugin:80 - create IPUIPlugin
2024-10-05 15:29:31,779 [INFO] PluginManager:220 - loadIPPluginJar : add can
2024-10-05 15:29:31,795 [INFO] IPUIPlugin:80 - create IPUIPlugin
2024-10-05 15:29:31,795 [INFO] PluginManager:220 - loadIPPluginJar : add comp
2024-10-05 15:29:31,817 [INFO] IPUIPlugin:80 - create IPUIPlugin
2024-10-05 15:29:31,817 [INFO] PluginManager:220 - loadIPPluginJar : add cryp
2024-10-05 15:29:31,826 [INFO] IPUIPlugin:80 - create IPUIPlugin
2024-10-05 15:29:31,826 [INFO] PluginManager:220 - loadIPPluginJar : add ddr_ctrl_phy
2024-10-05 15:29:31,849 [INFO] IPUIPlugin:80 - create IPUIPlugin
2024-10-05 15:29:31,849 [INFO] PluginManager:220 - loadIPPluginJar : add dfsdm
2024-10-05 15:29:31,859 [INFO] IPUIPlugin:80 - create IPUIPlugin
2024-10-05 15:29:31,859 [INFO] PluginManager:220 - loadIPPluginJar : add dma
2024-10-05 15:29:31,889 [INFO] IPUIPlugin:80 - create IPUIPlugin
2024-10-05 15:29:31,889 [INFO] PluginManager:220 - loadIPPluginJar : add dma3
2024-10-05 15:29:31,921 [INFO] IPUIPlugin:80 - create IPUIPlugin
2024-10-05 15:29:31,921 [INFO] PluginManager:220 - loadIPPluginJar : add extmemmanager
2024-10-05 15:29:31,936 [INFO] IPUIPlugin:80 - create IPUIPlugin
2024-10-05 15:29:31,936 [INFO] PluginManager:220 - loadIPPluginJar : add fatfs
2024-10-05 15:29:31,970 [INFO] IPUIPlugin:80 - create IPUIPlugin
2024-10-05 15:29:31,970 [INFO] PluginManager:220 - loadIPPluginJar : add fmc
2024-10-05 15:29:31,982 [INFO] IPUIPlugin:80 - create IPUIPlugin
2024-10-05 15:29:31,982 [INFO] PluginManager:220 - loadIPPluginJar : add freertos
2024-10-05 15:29:31,998 [INFO] IPUIPlugin:80 - create IPUIPlugin
2024-10-05 15:29:31,998 [INFO] PluginManager:220 - loadIPPluginJar : add genericplugin
2024-10-05 15:29:32,061 [INFO] IPUIPlugin:80 - create IPUIPlugin
2024-10-05 15:29:32,061 [INFO] PluginManager:220 - loadIPPluginJar : add gfxmmu
2024-10-05 15:29:32,147 [INFO] IPUIPlugin:80 - create IPUIPlugin
2024-10-05 15:29:32,148 [INFO] PluginManager:220 - loadIPPluginJar : add gic
2024-10-05 15:29:32,157 [INFO] IPUIPlugin:80 - create IPUIPlugin
2024-10-05 15:29:32,157 [INFO] PluginManager:220 - loadIPPluginJar : add gpio
2024-10-05 15:29:32,226 [INFO] IPUIPlugin:80 - create IPUIPlugin
2024-10-05 15:29:32,226 [INFO] PluginManager:220 - loadIPPluginJar : add gtzc
2024-10-05 15:29:32,249 [INFO] IPUIPlugin:80 - create IPUIPlugin
2024-10-05 15:29:32,249 [INFO] PluginManager:220 - loadIPPluginJar : add hash
2024-10-05 15:29:32,284 [INFO] IPUIPlugin:80 - create IPUIPlugin
2024-10-05 15:29:32,284 [INFO] PluginManager:220 - loadIPPluginJar : add i2c
2024-10-05 15:29:32,311 [INFO] IPUIPlugin:80 - create IPUIPlugin
2024-10-05 15:29:32,311 [INFO] PluginManager:220 - loadIPPluginJar : add i2s
2024-10-05 15:29:32,339 [INFO] IPUIPlugin:80 - create IPUIPlugin
2024-10-05 15:29:32,340 [INFO] PluginManager:220 - loadIPPluginJar : add i3c
2024-10-05 15:29:32,418 [INFO] IPUIPlugin:80 - create IPUIPlugin
2024-10-05 15:29:32,418 [INFO] PluginManager:220 - loadIPPluginJar : add ipddr
2024-10-05 15:29:32,482 [INFO] IPUIPlugin:80 - create IPUIPlugin
2024-10-05 15:29:32,483 [INFO] PluginManager:220 - loadIPPluginJar : add linkedlist
2024-10-05 15:29:32,507 [INFO] IPUIPlugin:80 - create IPUIPlugin
2024-10-05 15:29:32,507 [INFO] PluginManager:220 - loadIPPluginJar : add lorawan
2024-10-05 15:29:32,532 [INFO] IPUIPlugin:80 - create IPUIPlugin
2024-10-05 15:29:32,532 [INFO] PluginManager:220 - loadIPPluginJar : add ltdc
2024-10-05 15:29:32,542 [INFO] IPUIPlugin:80 - create IPUIPlugin
2024-10-05 15:29:32,542 [INFO] PluginManager:220 - loadIPPluginJar : add mdma
2024-10-05 15:29:32,549 [INFO] IPUIPlugin:80 - create IPUIPlugin
2024-10-05 15:29:32,549 [INFO] PluginManager:220 - loadIPPluginJar : add nvic
2024-10-05 15:29:32,575 [INFO] IPUIPlugin:80 - create IPUIPlugin
2024-10-05 15:29:32,575 [INFO] PluginManager:220 - loadIPPluginJar : add opamp
2024-10-05 15:29:32,615 [INFO] IPUIPlugin:80 - create IPUIPlugin
2024-10-05 15:29:32,616 [INFO] PluginManager:220 - loadIPPluginJar : add openamp
2024-10-05 15:29:32,644 [INFO] IPUIPlugin:80 - create IPUIPlugin
2024-10-05 15:29:32,644 [INFO] PluginManager:220 - loadIPPluginJar : add pdm2pcm
2024-10-05 15:29:32,654 [INFO] IPUIPlugin:80 - create IPUIPlugin
2024-10-05 15:29:32,656 [INFO] PluginManager:220 - loadIPPluginJar : add plateformsettings
2024-10-05 15:29:32,672 [INFO] IPUIPlugin:80 - create IPUIPlugin
2024-10-05 15:29:32,672 [INFO] PluginManager:220 - loadIPPluginJar : add quadspi
2024-10-05 15:29:32,691 [INFO] IPUIPlugin:80 - create IPUIPlugin
2024-10-05 15:29:32,691 [INFO] PluginManager:220 - loadIPPluginJar : add radio
2024-10-05 15:29:32,699 [INFO] IPUIPlugin:80 - create IPUIPlugin
2024-10-05 15:29:32,700 [INFO] PluginManager:220 - loadIPPluginJar : add resmgrutility
2024-10-05 15:29:32,734 [INFO] IPUIPlugin:80 - create IPUIPlugin
2024-10-05 15:29:32,735 [INFO] PluginManager:220 - loadIPPluginJar : add sai
2024-10-05 15:29:32,761 [INFO] IPUIPlugin:80 - create IPUIPlugin
2024-10-05 15:29:32,761 [INFO] PluginManager:220 - loadIPPluginJar : add spi
2024-10-05 15:29:32,813 [INFO] IPUIPlugin:80 - create IPUIPlugin
2024-10-05 15:29:32,813 [INFO] PluginManager:220 - loadIPPluginJar : add stm32_wpan
2024-10-05 15:29:32,828 [INFO] IPUIPlugin:80 - create IPUIPlugin
2024-10-05 15:29:32,829 [INFO] PluginManager:220 - loadIPPluginJar : add tim
2024-10-05 15:29:32,869 [INFO] IPUIPlugin:80 - create IPUIPlugin
2024-10-05 15:29:32,869 [INFO] PluginManager:220 - loadIPPluginJar : add touchsensing
2024-10-05 15:29:32,885 [INFO] IPUIPlugin:80 - create IPUIPlugin
2024-10-05 15:29:32,885 [INFO] PluginManager:220 - loadIPPluginJar : add tracer_emb
2024-10-05 15:29:32,901 [INFO] IPUIPlugin:80 - create IPUIPlugin
2024-10-05 15:29:32,901 [INFO] PluginManager:220 - loadIPPluginJar : add ts
2024-10-05 15:29:32,917 [INFO] IPUIPlugin:80 - create IPUIPlugin
2024-10-05 15:29:32,917 [INFO] PluginManager:220 - loadIPPluginJar : add tsc
2024-10-05 15:29:32,932 [INFO] IPUIPlugin:80 - create IPUIPlugin
2024-10-05 15:29:32,932 [INFO] PluginManager:220 - loadIPPluginJar : add ucpd
2024-10-05 15:29:32,962 [INFO] IPUIPlugin:80 - create IPUIPlugin
2024-10-05 15:29:32,963 [INFO] PluginManager:220 - loadIPPluginJar : add usart
2024-10-05 15:29:32,993 [INFO] IPUIPlugin:80 - create IPUIPlugin
2024-10-05 15:29:32,993 [INFO] PluginManager:220 - loadIPPluginJar : add usbx
2024-10-05 15:29:33,105 [INFO] CADModel:165 - CPN selected for project level
2024-10-05 15:29:33,105 [INFO] CADModel:114 - Register for checkConnection events
2024-10-05 15:29:33,105 [FATAL] Updater:334 - Updater called before beeing initialized
2024-10-05 15:29:33,105 [ERROR] CADModel:125 - Updater not yet initialized, retry later 
2024-10-05 15:29:33,190 [INFO] CADModel:165 - CPN selected for project level
2024-10-05 15:29:33,190 [INFO] CADModel:114 - Register for checkConnection events
2024-10-05 15:29:33,190 [FATAL] Updater:334 - Updater called before beeing initialized
2024-10-05 15:29:33,190 [ERROR] CADModel:125 - Updater not yet initialized, retry later 
2024-10-05 15:29:33,192 [FATAL] Updater:334 - Updater called before beeing initialized
2024-10-05 15:29:33,265 [FATAL] Updater:334 - Updater called before beeing initialized
2024-10-05 15:29:33,273 [INFO] DbMcusAds:53 - JSON generation date=Fri Sep 20 09:04:23 EDT 2024 (1726837463113)
2024-10-05 15:29:33,273 [FATAL] Updater:334 - Updater called before beeing initialized
2024-10-05 15:29:33,302 [WARN] DetailPanel:346 - Failed to get advertising image, set to default
2024-10-05 15:29:33,371 [FATAL] Updater:334 - Updater called before beeing initialized
2024-10-05 15:29:33,373 [FATAL] Updater:334 - Updater called before beeing initialized
2024-10-05 15:29:33,373 [FATAL] Updater:334 - Updater called before beeing initialized
2024-10-05 15:29:33,373 [WARN] DetailPanel:346 - Failed to get advertising image, set to default
2024-10-05 15:29:33,373 [FATAL] Updater:334 - Updater called before beeing initialized
2024-10-05 15:29:33,414 [ERROR] Updater:1164 - MainUpdater not yet initialized. External WinMGr cannot be set.
2024-10-05 15:29:33,422 [INFO] Updater:1100 - Updater Version found : 6.12.1
2024-10-05 15:29:33,437 [INFO] ApplicationProperties:184 - Using Application install path: C:\ST\STM32CubeIDE_1.16.1\STM32CubeIDE\plugins\com.st.stm32cube.common.mx_6.12.1.202409122256
2024-10-05 15:29:34,329 [INFO] ThirdPartyUpdaterWithRetryManager:70 - Updater plugin not ready yet. [2/15]
2024-10-05 15:29:35,007 [ERROR] LogOutputStream:75 - [STDERR_REDIRECT] Oct 05, 2024 3:29:35 PM java.util.prefs.WindowsPreferences <init>
2024-10-05 15:29:35,008 [ERROR] LogOutputStream:75 - [STDERR_REDIRECT] WARNING: Could not open/create prefs root node Software\JavaSoft\Prefs at root 0xffffffff80000002. Windows RegCreateKeyEx(...) returned error code 5.
2024-10-05 15:29:35,008 [ERROR] LogOutputStream:75 - [STDERR_REDIRECT] 
2024-10-05 15:29:35,291 [INFO] MainUpdater:2873 - connection check result : 10
2024-10-05 15:29:35,291 [INFO] MainUpdater:3567 - Updater definition file requires update
2024-10-05 15:29:35,292 [INFO] MainUpdater:290 - Updater Check For Update Now.
2024-10-05 15:29:35,292 [INFO] MicroXplorer:498 - Change Database Version : DB.6.0.121
2024-10-05 15:29:35,305 [INFO] McuFinderGlobals:63 - Set McuFinder mode to 2 (CubeIDE integrated)
2024-10-05 15:29:35,309 [INFO] UserAuth:417 - Internet connection configuration mode: 1
2024-10-05 15:29:35,326 [INFO] JxBrowserEngine:152 - Initiate JxBrowser Engine with user profile folder
2024-10-05 15:29:35,363 [INFO] ServerAccessManage:473 - Download File updaters.zip
2024-10-05 15:29:35,456 [INFO] FileExtend:240 - Unzip File : updaters.zip
2024-10-05 15:29:35,457 [INFO] FileExtend:255 - Standard Zip Deflate
2024-10-05 15:29:35,906 [INFO] ServerAccessManage:473 - Download File PacksControlFlags.xml
2024-10-05 15:29:36,016 [INFO] ServerAccessManage:473 - Download File cubemx.pidx
2024-10-05 15:29:36,349 [INFO] ServerAccessManage:473 - Download File STMicroelectronics.X-CUBE-AI.pdsc
2024-10-05 15:29:37,330 [WARN] MainUpdater:1194 - Updater busy. Cannot search thirdparties
2024-10-05 15:29:37,330 [INFO] ThirdPartyUpdaterWithRetryManager:96 - Updater plugin is busy. [1/15]
2024-10-05 15:29:37,850 [INFO] WebApp:167 - Instantiating new browser for Auth
2024-10-05 15:29:38,270 [INFO] ServerAccessManage:473 - Download File STMicroelectronics.X-CUBE-IPS.pdsc
2024-10-05 15:29:38,389 [INFO] WebApp:448 - Apply proxy settings
2024-10-05 15:29:38,389 [INFO] WebApp:533 - Chromium requires no authentication
2024-10-05 15:29:38,403 [INFO] WebApp:476 - Direct internet connection detected
2024-10-05 15:29:38,430 [INFO] WebApp:869 - Register for checkConnection events
2024-10-05 15:29:38,430 [INFO] WebApp:448 - Apply proxy settings
2024-10-05 15:29:38,430 [INFO] WebApp:533 - Chromium requires no authentication
2024-10-05 15:29:38,430 [INFO] WebApp:476 - Direct internet connection detected
2024-10-05 15:29:38,607 [INFO] WebApp:220 - Starting web application
2024-10-05 15:29:38,607 [INFO] WebApp:578 - Web application path used C:\ST\STM32CubeIDE_1.16.1\STM32CubeIDE\plugins\com.st.stm32cube.common.mx_6.12.1.202409122256\db\plugins\mcufinder\reactClient1\index.html
2024-10-05 15:29:38,721 [INFO] UserAuth:417 - Internet connection configuration mode: 1
2024-10-05 15:29:38,860 [INFO] WebApp:186 - Connection restablished
2024-10-05 15:29:38,890 [INFO] ServerAccessManage:473 - Download File STMicroelectronics.X-CUBE-WB05N.pdsc
2024-10-05 15:29:39,244 [WARN] PackLoader:240 - Cannot read IP mode file for STMicroelectronics.X-CUBE-AI.9.1.0
2024-10-05 15:29:39,259 [WARN] PackLoader:240 - Cannot read IP mode file for STMicroelectronics.X-CUBE-IPS.3.0.0
2024-10-05 15:29:39,274 [WARN] PackLoader:240 - Cannot read IP mode file for STMicroelectronics.X-CUBE-WB05N.1.1.0
2024-10-05 15:29:39,275 [INFO] PopulateThirdPartyThread:66 - Ending populate Thread
2024-10-05 15:29:39,276 [INFO] ThirdParty:1030 - CMSIS Pack Vendor :STMicroelectronics X-CUBE-IPS 3.0.0
2024-10-05 15:29:39,277 [INFO] ThirdParty:1030 - CMSIS Pack Vendor :STMicroelectronics X-CUBE-AI 9.1.0
2024-10-05 15:29:39,277 [INFO] ThirdParty:1030 - CMSIS Pack Vendor :STMicroelectronics X-CUBE-WB05N 1.1.0
2024-10-05 15:29:39,277 [INFO] LoadServerUpdatesThread:375 - End of LoadServerUpdate Thread
2024-10-05 15:29:39,375 [INFO] CheckServerUpdateThread:120 - End of CheckServer Thread
2024-10-05 15:29:40,461 [WARN] PackLoader:240 - Cannot read IP mode file for STMicroelectronics.FP-SNS-MOTENVWB1.1.4.0
2024-10-05 15:29:40,471 [WARN] PackLoader:240 - Cannot read IP mode file for STMicroelectronics.X-CUBE-SMBUS.2.1.0
2024-10-05 15:29:40,474 [WARN] PackLoader:240 - Cannot read IP mode file for STMicroelectronics.X-CUBE-WB05N.1.1.0
2024-10-05 15:29:40,499 [WARN] PackLoader:240 - Cannot read IP mode file for STMicroelectronics.X-CUBE-AZRTOS-F7.1.1.0
2024-10-05 15:29:40,540 [WARN] PackLoader:240 - Cannot read IP mode file for STMicroelectronics.X-CUBE-MEMS1.11.0.0
2024-10-05 15:29:40,646 [WARN] PackLoader:240 - Cannot read IP mode file for STMicroelectronics.FP-SNS-FLIGHT1.5.0.2
2024-10-05 15:29:40,660 [WARN] PackLoader:240 - Cannot read IP mode file for STMicroelectronics.X-CUBE-DISPLAY.3.0.0
2024-10-05 15:29:40,675 [WARN] PackLoader:240 - Cannot read IP mode file for STMicroelectronics.X-CUBE-BLE1.7.0.0
2024-10-05 15:29:40,687 [WARN] PackLoader:240 - Cannot read IP mode file for STMicroelectronics.X-CUBE-NFC10.1.0.0
2024-10-05 15:29:40,702 [WARN] PackLoader:240 - Cannot read IP mode file for emotas.I-CUBE-CANOPEN.1.3.0
2024-10-05 15:29:40,718 [WARN] PackLoader:240 - Cannot read IP mode file for STMicroelectronics.X-CUBE-BLEMGR.3.1.0
2024-10-05 15:29:40,732 [WARN] PackLoader:240 - Cannot read IP mode file for STMicroelectronics.FP-SNS-SMARTAG2.1.2.0
2024-10-05 15:29:40,748 [INFO] LogOutputStream:77 - [STDOUT_REDIRECT] 1 : Invalid condition id : UX_CORESTACK_Condition cause : null
2024-10-05 15:29:40,748 [INFO] LogOutputStream:77 - [STDOUT_REDIRECT] 1 : Invalid condition id : UX_CORESTACK_Condition cause : null
2024-10-05 15:29:40,749 [INFO] LogOutputStream:77 - [STDOUT_REDIRECT] 1 : Invalid condition id : UX_CORESTACK_Condition cause : null
2024-10-05 15:29:40,750 [INFO] LogOutputStream:77 - [STDOUT_REDIRECT] 1 : Invalid condition id : UX_CORESTACK_Condition cause : null
2024-10-05 15:29:40,750 [INFO] LogOutputStream:77 - [STDOUT_REDIRECT] 1 : Invalid condition id : UX_CORESTACK_Condition cause : null
2024-10-05 15:29:40,752 [WARN] PackLoader:240 - Cannot read IP mode file for STMicroelectronics.X-CUBE-AZRTOS-WL.2.0.0
2024-10-05 15:29:40,764 [WARN] PackLoader:240 - Cannot read IP mode file for STMicroelectronics.FP-SNS-MOTENV1.5.0.0
2024-10-05 15:29:40,769 [WARN] PackLoader:240 - Cannot read IP mode file for wolfSSL.I-CUBE-wolfMQTT.1.19.0
2024-10-05 15:29:40,781 [WARN] PackLoader:240 - Cannot read IP mode file for WES.I-CUBE-Cesium.1.3.0
2024-10-05 15:29:40,793 [WARN] PackLoader:240 - Cannot read IP mode file for STMicroelectronics.X-CUBE-BLE2.3.3.0
2024-10-05 15:29:40,809 [WARN] PackLoader:240 - Cannot read IP mode file for STMicroelectronics.X-CUBE-NFC9.1.0.0
2024-10-05 15:29:40,821 [WARN] PackLoader:240 - Cannot read IP mode file for STMicroelectronics.X-CUBE-TCPP.4.1.0
2024-10-05 15:29:40,844 [WARN] PackLoader:240 - Cannot read IP mode file for STMicroelectronics.X-CUBE-AZRTOS-G0.1.1.0
2024-10-05 15:29:40,857 [WARN] PackLoader:240 - Cannot read IP mode file for STMicroelectronics.X-CUBE-SAFEA1.1.2.2
2024-10-05 15:29:40,868 [WARN] PackLoader:240 - Cannot read IP mode file for STMicroelectronics.X-CUBE-NFC4.3.0.0
2024-10-05 15:29:40,883 [WARN] PackLoader:240 - Cannot read IP mode file for EmbeddedOffice.I-CUBE-FS-RTOS.1.0.1
2024-10-05 15:29:40,884 [ERROR] ConditionMgr:805 - Attr not supported : Dmpu
2024-10-05 15:29:40,884 [ERROR] ConditionMgr:805 - Attr not supported : Dmpu
2024-10-05 15:29:40,884 [ERROR] ConditionMgr:805 - Attr not supported : Dmpu
2024-10-05 15:29:40,884 [ERROR] ConditionMgr:805 - Attr not supported : Dmpu
2024-10-05 15:29:40,884 [ERROR] ConditionMgr:805 - Attr not supported : Dmpu
2024-10-05 15:29:40,884 [ERROR] ConditionMgr:805 - Attr not supported : Dmpu
2024-10-05 15:29:40,885 [ERROR] ConditionMgr:805 - Attr not supported : Dmpu
2024-10-05 15:29:40,885 [ERROR] ConditionMgr:805 - Attr not supported : Dmpu
2024-10-05 15:29:40,885 [ERROR] ConditionMgr:805 - Attr not supported : Dmpu
2024-10-05 15:29:40,885 [ERROR] ConditionMgr:805 - Attr not supported : Dmpu
2024-10-05 15:29:40,885 [ERROR] ConditionMgr:805 - Attr not supported : Dmpu
2024-10-05 15:29:40,886 [ERROR] ConditionMgr:805 - Attr not supported : Dmpu
2024-10-05 15:29:40,886 [ERROR] ConditionMgr:805 - Attr not supported : Dmpu
2024-10-05 15:29:40,886 [ERROR] ConditionMgr:805 - Attr not supported : Dmpu
2024-10-05 15:29:40,886 [ERROR] ConditionMgr:805 - Attr not supported : Dmpu
2024-10-05 15:29:40,886 [ERROR] ConditionMgr:805 - Attr not supported : Dmpu
2024-10-05 15:29:40,886 [ERROR] ConditionMgr:805 - Attr not supported : Dmpu
2024-10-05 15:29:40,886 [ERROR] ConditionMgr:805 - Attr not supported : Dmpu
2024-10-05 15:29:40,886 [ERROR] ConditionMgr:805 - Attr not supported : Dmpu
2024-10-05 15:29:40,886 [ERROR] ConditionMgr:805 - Attr not supported : Dmpu
2024-10-05 15:29:40,886 [ERROR] ConditionMgr:805 - Attr not supported : Dmpu
2024-10-05 15:29:40,886 [ERROR] ConditionMgr:805 - Attr not supported : Dmpu
2024-10-05 15:29:40,886 [ERROR] ConditionMgr:805 - Attr not supported : Dmpu
2024-10-05 15:29:40,886 [ERROR] ConditionMgr:805 - Attr not supported : Dmpu
2024-10-05 15:29:40,886 [ERROR] ConditionMgr:805 - Attr not supported : Dmpu
2024-10-05 15:29:40,886 [ERROR] ConditionMgr:805 - Attr not supported : Dmpu
2024-10-05 15:29:40,886 [ERROR] ConditionMgr:805 - Attr not supported : Dmpu
2024-10-05 15:29:40,886 [ERROR] ConditionMgr:805 - Attr not supported : Dmpu
2024-10-05 15:29:40,886 [ERROR] ConditionMgr:805 - Attr not supported : Dmpu
2024-10-05 15:29:40,886 [ERROR] ConditionMgr:805 - Attr not supported : Dmpu
2024-10-05 15:29:40,886 [ERROR] ConditionMgr:805 - Attr not supported : Dmpu
2024-10-05 15:29:40,886 [ERROR] ConditionMgr:805 - Attr not supported : Dmpu
2024-10-05 15:29:40,886 [ERROR] ConditionMgr:805 - Attr not supported : Dmpu
2024-10-05 15:29:40,886 [ERROR] ConditionMgr:805 - Attr not supported : Dmpu
2024-10-05 15:29:40,886 [ERROR] ConditionMgr:805 - Attr not supported : Dmpu
2024-10-05 15:29:40,886 [ERROR] ConditionMgr:805 - Attr not supported : Dmpu
2024-10-05 15:29:40,887 [ERROR] ConditionMgr:805 - Attr not supported : Dmpu
2024-10-05 15:29:40,887 [ERROR] ConditionMgr:805 - Attr not supported : Dmpu
2024-10-05 15:29:40,887 [ERROR] ConditionMgr:805 - Attr not supported : Dmpu
2024-10-05 15:29:40,887 [ERROR] ConditionMgr:805 - Attr not supported : Dmpu
2024-10-05 15:29:40,887 [ERROR] ConditionMgr:805 - Attr not supported : Dmpu
2024-10-05 15:29:40,887 [ERROR] ConditionMgr:805 - Attr not supported : Dmpu
2024-10-05 15:29:40,887 [ERROR] ConditionMgr:805 - Attr not supported : Dmpu
2024-10-05 15:29:40,887 [ERROR] ConditionMgr:805 - Attr not supported : Dmpu
2024-10-05 15:29:40,887 [ERROR] ConditionMgr:805 - Attr not supported : Dmpu
2024-10-05 15:29:40,887 [ERROR] ConditionMgr:805 - Attr not supported : Dmpu
2024-10-05 15:29:40,887 [ERROR] ConditionMgr:805 - Attr not supported : Dmpu
2024-10-05 15:29:40,887 [ERROR] ConditionMgr:805 - Attr not supported : Dmpu
2024-10-05 15:29:40,887 [ERROR] ConditionMgr:805 - Attr not supported : Dmpu
2024-10-05 15:29:40,887 [ERROR] ConditionMgr:805 - Attr not supported : Dmpu
2024-10-05 15:29:40,887 [ERROR] ConditionMgr:805 - Attr not supported : Dmpu
2024-10-05 15:29:40,887 [ERROR] ConditionMgr:805 - Attr not supported : Dmpu
2024-10-05 15:29:40,887 [ERROR] ConditionMgr:805 - Attr not supported : Dmpu
2024-10-05 15:29:40,888 [ERROR] ConditionMgr:805 - Attr not supported : Dmpu
2024-10-05 15:29:40,888 [ERROR] ConditionMgr:805 - Attr not supported : Dmpu
2024-10-05 15:29:40,888 [ERROR] ConditionMgr:805 - Attr not supported : Dmpu
2024-10-05 15:29:40,888 [ERROR] ConditionMgr:805 - Attr not supported : Dmpu
2024-10-05 15:29:40,888 [ERROR] ConditionMgr:805 - Attr not supported : Dmpu
2024-10-05 15:29:40,888 [ERROR] ConditionMgr:805 - Attr not supported : Dmpu
2024-10-05 15:29:40,888 [ERROR] ConditionMgr:805 - Attr not supported : Dmpu
2024-10-05 15:29:40,888 [ERROR] ConditionMgr:805 - Attr not supported : Dmpu
2024-10-05 15:29:40,889 [ERROR] ConditionMgr:805 - Attr not supported : Dmpu
2024-10-05 15:29:40,889 [ERROR] ConditionMgr:805 - Attr not supported : Dmpu
2024-10-05 15:29:40,889 [ERROR] ConditionMgr:805 - Attr not supported : Dmpu
2024-10-05 15:29:40,901 [WARN] PackLoader:240 - Cannot read IP mode file for RealThread.X-CUBE-RT-Thread_Nano.4.1.1
2024-10-05 15:29:40,905 [WARN] PackLoader:240 - Cannot read IP mode file for STMicroelectronics.FP-ATR-SIGFOX1.3.2.0
2024-10-05 15:29:40,915 [WARN] PackLoader:240 - Cannot read IP mode file for wolfSSL.I-CUBE-wolfSSL.5.7.2
2024-10-05 15:29:40,925 [WARN] PackLoader:240 - Cannot read IP mode file for STMicroelectronics.X-CUBE-EEPRMA1.5.1.0
2024-10-05 15:29:40,937 [WARN] PackLoader:240 - Cannot read IP mode file for ITTIA_DB.I-CUBE-ITTIADB.8.9.0
2024-10-05 15:29:40,962 [WARN] PackLoader:240 - Cannot read IP mode file for SEGGER.I-CUBE-embOS.1.3.1
2024-10-05 15:29:40,997 [WARN] PackLoader:240 - Cannot read IP mode file for STMicroelectronics.X-CUBE-ALGOBUILD.1.4.0
2024-10-05 15:29:41,000 [WARN] PackLoader:240 - Cannot read IP mode file for STMicroelectronics.X-CUBE-AI.9.1.0
2024-10-05 15:29:41,022 [WARN] PackLoader:240 - Cannot read IP mode file for STMicroelectronics.X-CUBE-AZRTOS-F4.1.1.0
2024-10-05 15:29:41,035 [WARN] PackLoader:240 - Cannot read IP mode file for STMicroelectronics.X-CUBE-ISPU.2.1.0
2024-10-05 15:29:41,047 [WARN] PackLoader:240 - Cannot read IP mode file for STMicroelectronics.X-CUBE-FREERTOS.1.2.0
2024-10-05 15:29:41,074 [WARN] PackLoader:240 - Cannot read IP mode file for STMicroelectronics.X-CUBE-AZRTOS-L5.2.0.0
2024-10-05 15:29:41,090 [WARN] PackLoader:240 - Cannot read IP mode file for STMicroelectronics.X-CUBE-NFC6.3.1.0
2024-10-05 15:29:41,104 [WARN] PackLoader:240 - Cannot read IP mode file for STMicroelectronics.X-CUBE-DPower.1.2.0
2024-10-05 15:29:41,114 [WARN] PackLoader:240 - Cannot read IP mode file for STMicroelectronics.X-CUBE-AI.9.0.0
2024-10-05 15:29:41,124 [WARN] PackLoader:240 - Cannot read IP mode file for STMicroelectronics.X-CUBE-NFC7.1.0.1
2024-10-05 15:29:41,145 [WARN] ConditionMgr:438 - getConditionDescription Invalid condition id : LAN8742 Phy interface Condition cause : null
2024-10-05 15:29:41,145 [WARN] PackLoader:240 - Cannot read IP mode file for STMicroelectronics.X-CUBE-AZRTOS-L4.2.0.0
2024-10-05 15:29:41,147 [WARN] ConditionMgr:1039 - genDependencies : Invalid condition id : LAN8742 Phy interface Condition cause : null
2024-10-05 15:29:41,147 [WARN] ConditionMgr:1039 - genDependencies : Invalid condition id : LAN8742 Phy interface Condition cause : null
2024-10-05 15:29:41,147 [WARN] ConditionMgr:1039 - genDependencies : Invalid condition id : LAN8742 Phy interface Condition cause : null
2024-10-05 15:29:41,159 [WARN] PackLoader:240 - Cannot read IP mode file for STMicroelectronics.X-CUBE-SFXS2LP1.4.0.0
2024-10-05 15:29:41,183 [WARN] PackLoader:240 - Cannot read IP mode file for STMicroelectronics.X-CUBE-AZRTOS-H7.3.3.0
2024-10-05 15:29:41,191 [WARN] PackLoader:240 - Cannot read IP mode file for STMicroelectronics.X-CUBE-IPS.3.0.0
2024-10-05 15:29:41,210 [WARN] ConditionMgr:438 - getConditionDescription Invalid condition id : UX DEVICE CLASS RTOS Condition cause : null
2024-10-05 15:29:41,210 [WARN] ConditionMgr:438 - getConditionDescription Invalid condition id : UX DEVICE CLASS RTOS Condition cause : null
2024-10-05 15:29:41,211 [WARN] PackLoader:240 - Cannot read IP mode file for STMicroelectronics.X-CUBE-AZRTOS-WB.2.0.0
2024-10-05 15:29:41,211 [WARN] ConditionMgr:1039 - genDependencies : Invalid condition id : UX DEVICE CLASS RTOS Condition cause : null
2024-10-05 15:29:41,211 [WARN] ConditionMgr:1039 - genDependencies : Invalid condition id : UX DEVICE CLASS RTOS Condition cause : null
2024-10-05 15:29:41,211 [WARN] ConditionMgr:1039 - genDependencies : Invalid condition id : UX DEVICE CLASS RTOS Condition cause : null
2024-10-05 15:29:41,212 [WARN] ConditionMgr:1039 - genDependencies : Invalid condition id : UX DEVICE CLASS RTOS Condition cause : null
2024-10-05 15:29:41,212 [WARN] ConditionMgr:1039 - genDependencies : Invalid condition id : UX DEVICE CLASS RTOS Condition cause : null
2024-10-05 15:29:41,222 [WARN] PackLoader:240 - Cannot read IP mode file for STMicroelectronics.X-CUBE-GNSS1.7.0.0
2024-10-05 15:29:41,234 [WARN] PackLoader:240 - Cannot read IP mode file for STMicroelectronics.FP-SNS-STBOX1.2.0.0
2024-10-05 15:29:41,248 [WARN] PackLoader:240 - Cannot read IP mode file for STMicroelectronics.X-CUBE-SUBG2.5.0.0
2024-10-05 15:29:41,254 [WARN] PackLoader:240 - Cannot read IP mode file for Cesanta.I-CUBE-Mongoose.7.13.0
2024-10-05 15:29:41,270 [WARN] PackLoader:240 - Cannot read IP mode file for STMicroelectronics.X-CUBE-AZRTOS-G4.2.0.0
2024-10-05 15:29:41,282 [WARN] PackLoader:240 - Cannot read IP mode file for STMicroelectronics.X-CUBE-ALS.1.0.2
2024-10-05 15:29:41,293 [WARN] PackLoader:240 - Cannot read IP mode file for STMicroelectronics.X-CUBE-TOUCHGFX.4.24.1
2024-10-05 15:29:41,296 [WARN] PackLoader:240 - Cannot read IP mode file for wolfSSL.I-CUBE-wolfTPM.3.4.0
2024-10-05 15:29:41,306 [WARN] PackLoader:240 - Cannot read IP mode file for portGmbH.I-Cube-SoM-uGOAL.1.1.0
2024-10-05 15:29:41,325 [WARN] PackLoader:240 - Cannot read IP mode file for STMicroelectronics.X-CUBE-AZRTOS-H7RS.1.0.0
2024-10-05 15:29:41,329 [WARN] PackLoader:240 - Cannot read IP mode file for STMicroelectronics.FP-ATR-ASTRA1.2.0.0
2024-10-05 15:29:41,342 [WARN] PackLoader:240 - Cannot read IP mode file for STMicroelectronics.X-CUBE-TOF1.3.4.2
2024-10-05 15:29:41,363 [WARN] PackLoader:240 - Cannot read IP mode file for Infineon.AIROC-Wi-Fi-Bluetooth-STM32.1.6.1
2024-10-05 15:29:41,367 [WARN] PackLoader:240 - Cannot read IP mode file for wolfSSL.I-CUBE-wolfSSH.1.4.17
2024-10-05 15:29:41,367 [INFO] ThirdParty:978 - Integrity check success = true
2024-10-05 15:29:41,367 [INFO] IntegrityCheckThread:100 - exiting critical section [integrity check]
2024-10-05 15:29:41,367 [INFO] IntegrityCheckThread:103 - End integrity checks thread
